[4.991s] DEBUG:colcon:Command line arguments: ['/usr/bin/colcon', 'list', '-p', '--base-paths', '/home/homandat02/pallet_jack_project/pallet_jack_ws/src']
[4.992s] DEBUG:colcon:Parsed command line arguments: Namespace(allow_overriding=[], base_paths=['/home/homandat02/pallet_jack_project/pallet_jack_ws/src'], build_base='build', ignore_user_meta=False, log_base=None, log_level=None, main=<bound method ListVerb.main of <colcon_package_information.verb.list.ListVerb object at 0x7efd1052e7c0>>, metas=['./colcon.meta'], names_only=False, packages_above=None, packages_above_and_dependencies=None, packages_above_depth=None, packages_end=None, packages_ignore=None, packages_ignore_regex=None, packages_select=None, packages_select_build_failed=False, packages_select_by_dep=None, packages_select_regex=None, packages_select_test_failures=False, packages_skip=None, packages_skip_build_finished=False, packages_skip_by_dep=None, packages_skip_regex=None, packages_skip_test_passed=False, packages_skip_up_to=None, packages_start=None, packages_up_to=None, packages_up_to_regex=None, paths=None, paths_only=True, topological_graph=False, topological_graph_density=False, topological_graph_dot=False, topological_graph_dot_cluster=False, topological_graph_dot_include_skipped=False, topological_graph_legend=False, topological_order=False, verb_extension=<colcon_package_information.verb.list.ListVerb object at 0x7efd1052e7c0>, verb_name='list', verb_parser=<colcon_defaults.argument_parser.defaults.DefaultArgumentsDecorator object at 0x7efd104d5d30>)
[5.182s] Level 1:colcon.colcon_core.package_discovery:discover_packages(colcon_meta) check parameters
[5.182s] Level 1:colcon.colcon_core.package_discovery:discover_packages(recursive) check parameters
[5.182s] Level 1:colcon.colcon_core.package_discovery:discover_packages(ignore) check parameters
[5.182s] Level 1:colcon.colcon_core.package_discovery:discover_packages(path) check parameters
[5.182s] Level 1:colcon.colcon_core.package_discovery:discover_packages(recursive) discover
[5.182s] INFO:colcon.colcon_core.package_discovery:Crawling recursively for packages in '/home/homandat02/pallet_jack_project/pallet_jack_ws/src'
[5.182s] Level 1:colcon.colcon_core.package_identification:_identify(/home/homandat02/pallet_jack_project/pallet_jack_ws/src) by extensions ['ignore', 'ignore_ament_install']
[5.182s] Level 1:colcon.colcon_core.package_identification:_identify(/home/homandat02/pallet_jack_project/pallet_jack_ws/src) by extension 'ignore'
[5.182s] Level 1:colcon.colcon_core.package_identification:_identify(/home/homandat02/pallet_jack_project/pallet_jack_ws/src) by extension 'ignore_ament_install'
[5.183s] Level 1:colcon.colcon_core.package_identification:_identify(/home/homandat02/pallet_jack_project/pallet_jack_ws/src) by extensions ['colcon_pkg']
[5.183s] Level 1:colcon.colcon_core.package_identification:_identify(/home/homandat02/pallet_jack_project/pallet_jack_ws/src) by extension 'colcon_pkg'
[5.183s] Level 1:colcon.colcon_core.package_identification:_identify(/home/homandat02/pallet_jack_project/pallet_jack_ws/src) by extensions ['colcon_meta']
[5.183s] Level 1:colcon.colcon_core.package_identification:_identify(/home/homandat02/pallet_jack_project/pallet_jack_ws/src) by extension 'colcon_meta'
[5.183s] Level 1:colcon.colcon_core.package_identification:_identify(/home/homandat02/pallet_jack_project/pallet_jack_ws/src) by extensions ['ros']
[5.183s] Level 1:colcon.colcon_core.package_identification:_identify(/home/homandat02/pallet_jack_project/pallet_jack_ws/src) by extension 'ros'
[5.200s] Level 1:colcon.colcon_core.package_identification:_identify(/home/homandat02/pallet_jack_project/pallet_jack_ws/src) by extensions ['cmake', 'python']
[5.200s] Level 1:colcon.colcon_core.package_identification:_identify(/home/homandat02/pallet_jack_project/pallet_jack_ws/src) by extension 'cmake'
[5.200s] Level 1:colcon.colcon_core.package_identification:_identify(/home/homandat02/pallet_jack_project/pallet_jack_ws/src) by extension 'python'
[5.200s] Level 1:colcon.colcon_core.package_identification:_identify(/home/homandat02/pallet_jack_project/pallet_jack_ws/src) by extensions ['python_setup_py']
[5.200s] Level 1:colcon.colcon_core.package_identification:_identify(/home/homandat02/pallet_jack_project/pallet_jack_ws/src) by extension 'python_setup_py'
[5.200s] Level 1:colcon.colcon_core.package_identification:_identify(/home/homandat02/pallet_jack_project/pallet_jack_ws/src/log) by extensions ['ignore', 'ignore_ament_install']
[5.200s] Level 1:colcon.colcon_core.package_identification:_identify(/home/homandat02/pallet_jack_project/pallet_jack_ws/src/log) by extension 'ignore'
[5.200s] Level 1:colcon.colcon_core.package_identification:_identify(/home/homandat02/pallet_jack_project/pallet_jack_ws/src/log) ignored
[5.201s] Level 1:colcon.colcon_core.package_identification:_identify(/home/homandat02/pallet_jack_project/pallet_jack_ws/src/pallet_jack_description) by extensions ['ignore', 'ignore_ament_install']
[5.201s] Level 1:colcon.colcon_core.package_identification:_identify(/home/homandat02/pallet_jack_project/pallet_jack_ws/src/pallet_jack_description) by extension 'ignore'
[5.201s] Level 1:colcon.colcon_core.package_identification:_identify(/home/homandat02/pallet_jack_project/pallet_jack_ws/src/pallet_jack_description) by extension 'ignore_ament_install'
[5.201s] Level 1:colcon.colcon_core.package_identification:_identify(/home/homandat02/pallet_jack_project/pallet_jack_ws/src/pallet_jack_description) by extensions ['colcon_pkg']
[5.201s] Level 1:colcon.colcon_core.package_identification:_identify(/home/homandat02/pallet_jack_project/pallet_jack_ws/src/pallet_jack_description) by extension 'colcon_pkg'
[5.201s] Level 1:colcon.colcon_core.package_identification:_identify(/home/homandat02/pallet_jack_project/pallet_jack_ws/src/pallet_jack_description) by extensions ['colcon_meta']
[5.201s] Level 1:colcon.colcon_core.package_identification:_identify(/home/homandat02/pallet_jack_project/pallet_jack_ws/src/pallet_jack_description) by extension 'colcon_meta'
[5.201s] Level 1:colcon.colcon_core.package_identification:_identify(/home/homandat02/pallet_jack_project/pallet_jack_ws/src/pallet_jack_description) by extensions ['ros']
[5.201s] Level 1:colcon.colcon_core.package_identification:_identify(/home/homandat02/pallet_jack_project/pallet_jack_ws/src/pallet_jack_description) by extension 'ros'
[5.205s] DEBUG:colcon.colcon_core.package_identification:Package '/home/homandat02/pallet_jack_project/pallet_jack_ws/src/pallet_jack_description' with type 'ros.ament_cmake' and name 'pallet_jack_description'
[5.205s] Level 1:colcon.colcon_core.package_discovery:discover_packages(recursive) using defaults
